android/build/app/intermediates/manifest_merge_blame_file/debug/manifest-merger-blame-debug-report.txt
1<?xml version="1.0" encoding="utf-8"?>
2<manifest xmlns:android="http://schemas.android.com/apk/res/android"
3    package="com.demo.pishgamt3"
4    android:versionCode="1"
5    android:versionName="1.0.0" >
6
7    <uses-sdk
8        android:minSdkVersion="16"
9        android:targetSdkVersion="28" />
10    <!--
11         Flutter needs it to communicate with the running application
12         to allow setting breakpoints, to provide hot reload, etc.
13    -->
14    <uses-permission android:name="android.permission.INTERNET" />
14-->src\debug\AndroidManifest.xml:6:5-66
14-->src\debug\AndroidManifest.xml:6:22-64
15    <uses-permission android:name="android.permission.ACCESS_NETWORK_STATE" />
15-->[:connectivity] AndroidManifest.xml:7:5-79
15-->[:connectivity] AndroidManifest.xml:7:22-76
16    <uses-permission android:name="android.permission.ACCESS_WIFI_STATE" />
16-->[:connectivity] AndroidManifest.xml:8:5-76
16-->[:connectivity] AndroidManifest.xml:8:22-73
17    <uses-permission android:name="android.permission.READ_EXTERNAL_STORAGE" />
17-->[:image_picker] AndroidManifest.xml:7:5-80
17-->[:image_picker] AndroidManifest.xml:7:22-77
18    <uses-permission android:name="android.permission.WRITE_EXTERNAL_STORAGE" />
18-->[:image_picker] AndroidManifest.xml:8:5-81
18-->[:image_picker] AndroidManifest.xml:8:22-78
19    <!--
20 io.flutter.app.FlutterApplication is an android.app.Application that
21         calls FlutterMain.startInitialization(this); in its onCreate method.
22         In most cases you can leave this as-is, but you if you want to provide
23         additional functionality it is fine to subclass or reimplement
24         FlutterApplication and put your custom class here.
25    -->
26    <application
26-->src\main\AndroidManifest.xml:8:5-36:19
27        android:allowBackup="true"
27-->[com.zarinpal:purchase:0.0.10] AndroidManifest.xml:12:9-35
28        android:appComponentFactory="androidx.core.app.CoreComponentFactory"
28-->[androidx.core:core:1.1.0] AndroidManifest.xml:24:18-86
29        android:debuggable="true"
30        android:label="@string/app_name"
30-->[com.zarinpal:purchase:0.0.10] AndroidManifest.xml:13:9-41
31        android:usesCleartextTraffic="true" >
31-->src\main\AndroidManifest.xml:10:9-44
32        <activity
32-->src\main\AndroidManifest.xml:11:9-30:20
33            android:name="com.demo.pishgamt3.MainActivity"
33-->src\main\AndroidManifest.xml:12:13-41
34            android:configChanges="orientation|keyboardHidden|keyboard|screenSize|smallestScreenSize|locale|layoutDirection|fontScale|screenLayout|density|uiMode"
34-->src\main\AndroidManifest.xml:13:13-163
35            android:hardwareAccelerated="true"
35-->src\main\AndroidManifest.xml:14:13-47
36            android:launchMode="singleTop"
36-->src\main\AndroidManifest.xml:15:13-43
37            android:theme="@style/LaunchTheme"
37-->src\main\AndroidManifest.xml:16:13-47
38            android:windowSoftInputMode="adjustResize" >
38-->src\main\AndroidManifest.xml:17:13-55
39            <intent-filter>
39-->src\main\AndroidManifest.xml:18:13-29:29
40                <action android:name="android.intent.action.MAIN" />
40-->src\main\AndroidManifest.xml:19:17-69
40-->src\main\AndroidManifest.xml:19:25-66
41
42                <category android:name="android.intent.category.LAUNCHER" />
42-->src\main\AndroidManifest.xml:20:17-77
42-->src\main\AndroidManifest.xml:20:27-74
43
44                <action android:name="android.intent.action.VIEW" />
44-->src\main\AndroidManifest.xml:21:17-69
44-->src\main\AndroidManifest.xml:21:25-66
45
46                <category android:name="android.intent.category.DEFAULT" />
46-->src\main\AndroidManifest.xml:23:17-76
46-->src\main\AndroidManifest.xml:23:27-73
47                <category android:name="android.intent.category.BROWSABLE" />
47-->src\main\AndroidManifest.xml:24:17-78
47-->src\main\AndroidManifest.xml:24:27-75
48
49                <data
49-->src\main\AndroidManifest.xml:26:17-28:47
50                    android:host="zarinpalpayment"
50-->src\main\AndroidManifest.xml:27:21-51
51                    android:scheme="retrun" />
51-->src\main\AndroidManifest.xml:28:21-44
52            </intent-filter>
53        </activity>
54        <!--
55             Don't delete the meta-data below.
56             This is used by the Flutter tool to generate GeneratedPluginRegistrant.java
57        -->
58        <meta-data
58-->src\main\AndroidManifest.xml:33:9-35:33
59            android:name="flutterEmbedding"
59-->src\main\AndroidManifest.xml:34:13-44
60            android:value="2" />
60-->src\main\AndroidManifest.xml:35:13-30
61
62        <provider
62-->[:image_picker] AndroidManifest.xml:11:9-19:20
63            android:name="io.flutter.plugins.imagepicker.ImagePickerFileProvider"
63-->[:image_picker] AndroidManifest.xml:12:13-82
64            android:authorities="com.demo.pishgamt3.flutter.image_provider"
64-->[:image_picker] AndroidManifest.xml:13:13-74
65            android:exported="false"
65-->[:image_picker] AndroidManifest.xml:14:13-37
66            android:grantUriPermissions="true" >
66-->[:image_picker] AndroidManifest.xml:15:13-47
67            <meta-data
67-->[:image_picker] AndroidManifest.xml:16:13-18:75
68                android:name="android.support.FILE_PROVIDER_PATHS"
68-->[:image_picker] AndroidManifest.xml:17:17-67
69                android:resource="@xml/flutter_image_picker_file_paths" />
69-->[:image_picker] AndroidManifest.xml:18:17-72
70        </provider>
71
72        <uses-library
72-->[com.zarinpal:purchase:0.0.10] AndroidManifest.xml:14:9-16:40
73            android:name="org.apache.http.legacy"
73-->[com.zarinpal:purchase:0.0.10] AndroidManifest.xml:15:13-50
74            android:required="false" />
74-->[com.zarinpal:purchase:0.0.10] AndroidManifest.xml:16:13-37
75    </application>
76
77</manifest>